# JRE version: OpenJDK Runtime Environment Temurin-17.0.6+10 (17.0.6+10) (build 17.0.6+10)
# Java VM: OpenJDK 64-Bit Server VM Temurin-17.0.6+10 (17.0.6+10, mixed mode, emulated-client, tiered, compressed oops, compressed class ptrs, g1 gc, windows-amd64)
GC Precious Log:
 CPUs: 12 total, 12 available
 Memory: 7502M
 Large Page Support: Disabled
 NUMA Support: Disabled
 Compressed Oops: Enabled (32-bit)
 Heap Region Size: 1M
 Heap Min Capacity: 8M
 Heap Initial Capacity: 118M
 Heap Max Capacity: 1876M
 Pre-touch: Disabled
 Parallel Workers: 10
 Concurrent Workers: 3
 Concurrent Refinement Workers: 10
 Periodic GC: Disabled
Heap:
 garbage-first heap   total 72704K, used 20920K [0x000000008ac00000, 0x0000000100000000)
  region size 1024K, 11 young (11264K), 3 survivors (3072K)
 Metaspace       used 32242K, committed 32512K, reserved 1081344K
  class space    used 4044K, committed 4160K, reserved 1048576K
GC Heap History (14 events):
Event: 0.900 GC heap before
{Heap before GC invocations=0 (full 0):
 garbage-first heap   total 120832K, used 23552K [0x000000008ac00000, 0x0000000100000000)
  region size 1024K, 23 young (23552K), 0 survivors (0K)
 Metaspace       used 16612K, committed 16832K, reserved 1064960K
  class space    used 1755K, committed 1856K, reserved 1048576K
}
Event: 0.906 GC heap after
{Heap after GC invocations=1 (full 0):
 garbage-first heap   total 120832K, used 7328K [0x000000008ac00000, 0x0000000100000000)
  region size 1024K, 3 young (3072K), 3 survivors (3072K)
 Metaspace       used 16612K, committed 16832K, reserved 1064960K
  class space    used 1755K, committed 1856K, reserved 1048576K
}
Event: 1.064 GC heap before
{Heap before GC invocations=1 (full 0):
 garbage-first heap   total 120832K, used 27808K [0x000000008ac00000, 0x0000000100000000)
  region size 1024K, 24 young (24576K), 3 survivors (3072K)
 Metaspace       used 21260K, committed 21504K, reserved 1073152K
  class space    used 2545K, committed 2688K, reserved 1048576K
}
Event: 1.068 GC heap after
{Heap after GC invocations=2 (full 0):
 garbage-first heap   total 120832K, used 9215K [0x000000008ac00000, 0x0000000100000000)
  region size 1024K, 2 young (2048K), 2 survivors (2048K)
 Metaspace       used 21260K, committed 21504K, reserved 1073152K
  class space    used 2545K, committed 2688K, reserved 1048576K
}
Event: 1.208 GC heap before
{Heap before GC invocations=3 (full 0):
 garbage-first heap   total 37888K, used 25599K [0x000000008ac00000, 0x0000000100000000)
  region size 1024K, 20 young (20480K), 2 survivors (2048K)
 Metaspace       used 25788K, committed 26048K, reserved 1073152K
  class space    used 3086K, committed 3200K, reserved 1048576K
}
Event: 1.210 GC heap after
{Heap after GC invocations=4 (full 0):
 garbage-first heap   total 37888K, used 9896K [0x000000008ac00000, 0x0000000100000000)
  region size 1024K, 3 young (3072K), 3 survivors (3072K)
 Metaspace       used 25788K, committed 26048K, reserved 1073152K
  class space    used 3086K, committed 3200K, reserved 1048576K
}
Event: 1.217 GC heap before
{Heap before GC invocations=4 (full 0):
 garbage-first heap   total 37888K, used 9896K [0x000000008ac00000, 0x0000000100000000)
  region size 1024K, 4 young (4096K), 3 survivors (3072K)
 Metaspace       used 25985K, committed 26240K, reserved 1073152K
  class space    used 3112K, committed 3200K, reserved 1048576K
}
Event: 1.219 GC heap after
{Heap after GC invocations=5 (full 0):
 garbage-first heap   total 37888K, used 9901K [0x000000008ac00000, 0x0000000100000000)
  region size 1024K, 1 young (1024K), 1 survivors (1024K)
 Metaspace       used 25985K, committed 26240K, reserved 1073152K
  class space    used 3112K, committed 3200K, reserved 1048576K
}
Event: 1.456 GC heap before
{Heap before GC invocations=5 (full 0):
 garbage-first heap   total 37888K, used 25261K [0x000000008ac00000, 0x0000000100000000)
  region size 1024K, 17 young (17408K), 1 survivors (1024K)
 Metaspace       used 28705K, committed 28992K, reserved 1081344K
  class space    used 3492K, committed 3648K, reserved 1048576K
}
Event: 1.458 GC heap after
{Heap after GC invocations=6 (full 0):
 garbage-first heap   total 37888K, used 11118K [0x000000008ac00000, 0x0000000100000000)
  region size 1024K, 2 young (2048K), 2 survivors (2048K)
 Metaspace       used 28705K, committed 28992K, reserved 1081344K
  class space    used 3492K, committed 3648K, reserved 1048576K
}
Event: 1.584 GC heap before
{Heap before GC invocations=6 (full 0):
 garbage-first heap   total 37888K, used 26478K [0x000000008ac00000, 0x0000000100000000)
  region size 1024K, 17 young (17408K), 2 survivors (2048K)
 Metaspace       used 29263K, committed 29504K, reserved 1081344K
  class space    used 3576K, committed 3712K, reserved 1048576K
}
Event: 1.589 GC heap after
{Heap after GC invocations=7 (full 0):
 garbage-first heap   total 37888K, used 12594K [0x000000008ac00000, 0x0000000100000000)
  region size 1024K, 2 young (2048K), 2 survivors (2048K)
 Metaspace       used 29263K, committed 29504K, reserved 1081344K
  class space    used 3576K, committed 3712K, reserved 1048576K
}
Event: 1.793 GC heap before
{Heap before GC invocations=7 (full 0):
 garbage-first heap   total 37888K, used 27954K [0x000000008ac00000, 0x0000000100000000)
  region size 1024K, 17 young (17408K), 2 survivors (2048K)
 Metaspace       used 31182K, committed 31488K, reserved 1081344K
  class space    used 3880K, committed 4032K, reserved 1048576K
}
Event: 1.796 GC heap after
{Heap after GC invocations=8 (full 0):
 garbage-first heap   total 72704K, used 13752K [0x000000008ac00000, 0x0000000100000000)
  region size 1024K, 3 young (3072K), 3 survivors (3072K)
 Metaspace       used 31182K, committed 31488K, reserved 1081344K
  class space    used 3880K, committed 4032K, reserved 1048576K
}

